<?xml version="1.0" encoding="UTF-8"?>
<testsuite name="GameTest" tests="6" skipped="0" failures="0" errors="0" timestamp="2016-04-20T21:57:12" hostname="epicodus-69.local" time="0.001">
  <properties/>
  <testcase name="checkWinner_paperBeatsScissors_false" classname="GameTest" time="0.001"/>
  <testcase name="checkWinner_scissorsBeatRock_false" classname="GameTest" time="0.0"/>
  <testcase name="checkWinner_scissorsBeatPaper_true" classname="GameTest" time="0.0"/>
  <testcase name="checkWinner_rockBeatsPaper_false" classname="GameTest" time="0.0"/>
  <testcase name="checkWinner_rockBeatsScissors_true" classname="GameTest" time="0.0"/>
  <testcase name="checkWinner_paperBeatsRock_true" classname="GameTest" time="0.0"/>
  <system-out><![CDATA[]]></system-out>
  <system-err><![CDATA[]]></system-err>
</testsuite>
