<?xml version="1.0" encoding="UTF-8"?>
<testsuite name="GameTest" tests="1" skipped="0" failures="0" errors="0" timestamp="2016-04-20T17:37:56" hostname="epicodus-69.local" time="0.001">
  <properties/>
  <testcase name="checkWinner_rockBeatsScissors_true" classname="GameTest" time="0.001"/>
  <system-out><![CDATA[]]></system-out>
  <system-err><![CDATA[]]></system-err>
</testsuite>
